2024-07-23 22:10:43,985 - INFO - Information for port 0 displayed.
2024-07-23 22:10:57,245 - INFO - Information for port 0 displayed.
2024-07-23 22:11:01,448 - INFO - Information for port 0 displayed.
2024-07-23 22:16:22,747 - INFO - Activities from 00:00 to 2024-07-23 displayed.
2024-07-23 22:24:05,377 - INFO - Activities from 2024-07-21 to 2024-07-21 displayed.
2024-07-23 22:24:28,548 - INFO - Activities from 2024-07-21 to 2024-07-23 displayed.
2024-07-23 22:24:31,804 - INFO - Activities from 2024-07-21 to 2024-07-21 displayed.
2024-07-24 06:14:50,095 - INFO - Configuration for domain all displayed.
2024-07-24 06:15:04,138 - INFO - Configuration for domain youtubedl.osinachi.me displayed.
2024-07-24 06:19:13,240 - INFO - Nginx domains and proxies listed.
2024-07-24 06:22:02,323 - INFO - Nginx domains and proxies listed.
2024-07-24 06:23:41,320 - INFO - Nginx domains and proxies listed.
2024-07-24 06:24:41,785 - INFO - Nginx domains and proxies listed.
2024-07-24 06:31:43,822 - INFO - Nginx domains and proxies listed.
2024-07-24 06:32:37,876 - INFO - Nginx domains and proxies listed.
2024-07-24 06:32:47,971 - INFO - Nginx domains and proxies listed.
2024-07-24 06:33:20,021 - INFO - Nginx domains and proxies listed.
2024-07-24 06:37:33,555 - INFO - Nginx domains and proxies listed.
2024-07-24 06:39:04,269 - INFO - Detailed information for user user displayed.
2024-07-24 06:41:48,475 - INFO - Detailed information for user user displayed.
2024-07-24 06:42:43,306 - INFO - No detailed information found for user users.
2024-07-24 06:44:00,277 - INFO - User logins listed.
2024-07-24 06:45:09,413 - INFO - User logins listed.
2024-07-24 06:47:48,793 - INFO - User logins listed.
2024-07-24 06:48:09,811 - INFO - User logins listed.
2024-07-24 06:49:47,515 - INFO - User logins listed.
2024-07-24 06:50:16,056 - INFO - User logins listed.
2024-07-24 06:51:05,355 - INFO - User logins listed.
2024-07-24 06:51:48,599 - INFO - User logins listed.
2024-07-24 06:51:56,932 - INFO - User logins listed.
2024-07-24 06:52:47,305 - INFO - User logins listed.
2024-07-24 06:53:06,634 - INFO - User logins listed.
2024-07-24 06:56:39,022 - ERROR - An unexpected error occurred: 'utf-8' codec can't decode byte 0xe9 in position 52: invalid continuation byte
2024-07-24 06:59:48,429 - INFO - User logins listed.
2024-07-24 07:00:20,626 - INFO - User logins listed.
2024-07-24 07:02:09,798 - INFO - User logins listed.
2024-07-24 07:03:39,648 - INFO - User logins listed.
2024-07-24 07:04:15,555 - INFO - Detailed information for user user displayed.
2024-07-24 07:04:20,619 - INFO - User logins listed.
2024-07-24 07:04:23,993 - INFO - Detailed information for user user displayed.
2024-07-24 07:06:40,131 - INFO - Docker images listed.
2024-07-24 07:08:03,134 - INFO - Docker images and containers listed.
2024-07-24 07:08:28,907 - INFO - Docker images and containers listed.
2024-07-24 07:09:05,930 - INFO - Detailed information for container my_postgres_db3 displayed.
2024-07-24 07:09:17,476 - INFO - Docker images and containers listed.
2024-07-24 07:11:21,651 - INFO - Docker images and containers listed.
2024-07-24 07:11:26,855 - INFO - Detailed information for container my_postgres_db3 displayed.
2024-07-24 07:13:16,514 - ERROR - An unexpected error occurred: object of type 'bool' has no len()
2024-07-24 07:52:52,311 - INFO - Detailed information for container my_postgres_db3 displayed.
2024-07-24 07:53:17,945 - INFO - Docker images and containers listed.
2024-07-24 07:53:47,878 - INFO - Detailed information for container my_postgres_db3 displayed.
2024-07-24 07:54:00,803 - INFO - Detailed information for container my_postgres_db3 displayed.
2024-07-24 07:54:17,562 - INFO - Detailed information for container my_postgres_db3 displayed.
2024-07-24 07:54:25,348 - INFO - Detailed information for container my_postgres_db3 displayed.
2024-07-24 07:54:35,253 - INFO - Detailed information for container my_postgres_db3 displayed.
2024-07-24 07:54:52,224 - INFO - Detailed information for container my_postgres_db3 displayed.
2024-07-24 07:55:25,620 - INFO - Detailed information for container my_postgres_db3 displayed.
2024-07-24 07:55:29,513 - INFO - Docker images and containers listed.
2024-07-24 07:57:27,309 - ERROR - Invalid date format: time data '2023-07-21' does not match format '%Y-%m-%d %H:%M:%S'
2024-07-24 07:57:48,564 - ERROR - Log file /path/to/your/logfile.log not found.
2024-07-24 07:57:48,564 - INFO - Activities from 2023-07-21 to 2024-07-24 displayed.
2024-07-24 08:18:34,669 - ERROR - An error occurred while running lsof: Command '['lsof', '-i', '-P', '-n', '-i', ':True']' returned non-zero exit status 1.
2024-07-24 08:18:41,401 - ERROR - An error occurred while running lsof: Command '['lsof', '-i', '-P', '-n', '-i', ':5000']' returned non-zero exit status 1.
2024-07-24 08:22:56,695 - ERROR - An error occurred while running lsof: Command '['lsof', '-i', '-i', ':True']' returned non-zero exit status 1.
2024-07-24 08:23:19,517 - ERROR - An error occurred while running lsof: Command '['lsof', '-i', '-i', ':True']' returned non-zero exit status 1.
2024-07-24 08:31:10,218 - INFO - Ports listed.
2024-07-24 08:32:13,595 - INFO - Ports listed.
2024-07-24 08:32:26,194 - INFO - Ports listed.
2024-07-24 08:36:05,960 - INFO - Ports listed.
2024-07-24 08:37:40,245 - INFO - Ports listed.
2024-07-24 08:44:15,182 - INFO - Ports listed.
2024-07-24 08:44:27,303 - INFO - Ports listed.
2024-07-24 08:49:47,826 - INFO - Ports listed.
2024-07-24 08:50:02,470 - INFO - Ports listed.
2024-07-24 08:50:13,014 - INFO - Ports listed.
2024-07-24 08:50:50,525 - INFO - Ports listed.
2024-07-24 08:51:44,270 - INFO - Ports listed.
2024-07-24 08:51:52,664 - INFO - Ports listed.
